<?xml version="1.0" encoding="UTF-8"?>
<!-- Generated by org.testng.reporters.JUnitXMLReporter -->
<testsuite ignored="0" hostname="DESKTOP-CMBU4PG" failures="0" tests="3" name="Default test" time="45.688" errors="0" timestamp="2025-07-07T17:32:49 IST">
  <testcase classname="training.SafeGold" name="purchasegold" time="29.762"/>
  <testcase classname="training.SafeGold" name="sellgold" time="0.002"/>
  <testcase classname="training.SafeGold" name="transaction" time="0.003"/>
</testsuite> <!-- Default test -->
