<?xml version="1.0" encoding="UTF-8"?>
<!-- Generated by org.testng.reporters.JUnitXMLReporter -->
<testsuite ignored="0" hostname="DESKTOP-CMBU4PG" failures="0" tests="3" name="Test" time="30.976" errors="0" timestamp="2025-07-07T17:34:48 IST">
  <testcase classname="training.SafeGold" name="purchasegold" time="15.291"/>
  <testcase classname="training.SafeGold" name="sellgold" time="0.002"/>
  <testcase classname="training.SafeGold" name="transaction" time="0.001"/>
</testsuite> <!-- Test -->
