<?xml version="1.0" encoding="UTF-8"?>
<testng-results ignored="0" total="3" passed="3" failed="0" skipped="0">
  <reporter-output>
  </reporter-output>
  <suite started-at="2025-07-07T17:34:17 IST" name="Suite" finished-at="2025-07-07T17:34:48 IST" duration-ms="30976">
    <groups>
    </groups>
    <test started-at="2025-07-07T17:34:17 IST" name="Test" finished-at="2025-07-07T17:34:48 IST" duration-ms="30976">
      <class name="training.SafeGold">
        <test-method is-config="true" signature="setup()[pri:0, instance:training.SafeGold@6f10d5b6]" started-at="2025-07-07T17:34:17 IST" name="setup" finished-at="2025-07-07T17:34:32 IST" duration-ms="15181" status="PASS">
          <reporter-output>
          </reporter-output>
        </test-method> <!-- setup -->
        <test-method signature="purchasegold()[pri:0, instance:training.SafeGold@6f10d5b6]" started-at="2025-07-07T17:34:32 IST" name="purchasegold" finished-at="2025-07-07T17:34:47 IST" duration-ms="15291" status="PASS">
          <reporter-output>
          </reporter-output>
        </test-method> <!-- purchasegold -->
        <test-method signature="sellgold()[pri:0, instance:training.SafeGold@6f10d5b6]" started-at="2025-07-07T17:34:47 IST" name="sellgold" finished-at="2025-07-07T17:34:47 IST" duration-ms="2" status="PASS">
          <reporter-output>
          </reporter-output>
        </test-method> <!-- sellgold -->
        <test-method signature="transaction()[pri:0, instance:training.SafeGold@6f10d5b6]" started-at="2025-07-07T17:34:47 IST" name="transaction" finished-at="2025-07-07T17:34:47 IST" duration-ms="1" status="PASS">
          <reporter-output>
          </reporter-output>
        </test-method> <!-- transaction -->
        <test-method is-config="true" signature="teardown()[pri:0, instance:training.SafeGold@6f10d5b6]" started-at="2025-07-07T17:34:47 IST" name="teardown" finished-at="2025-07-07T17:34:48 IST" duration-ms="449" status="PASS">
          <reporter-output>
          </reporter-output>
        </test-method> <!-- teardown -->
      </class> <!-- training.SafeGold -->
    </test> <!-- Test -->
  </suite> <!-- Suite -->
</testng-results>
