<?xml version="1.0" encoding="UTF-8"?>
<testng-results ignored="0" total="1" passed="1" failed="0" skipped="0">
  <reporter-output>
  </reporter-output>
  <suite started-at="2025-07-10T12:31:43 IST" name="Suite" finished-at="2025-07-10T12:31:49 IST" duration-ms="6018">
    <groups>
    </groups>
    <test started-at="2025-07-10T12:31:43 IST" name="Test" finished-at="2025-07-10T12:31:49 IST" duration-ms="6018">
      <class name="training.UpdatedLoginTest">
        <test-method is-config="true" signature="setup()[pri:0, instance:training.UpdatedLoginTest@61c4eee0]" started-at="2025-07-10T12:31:43 IST" name="setup" finished-at="2025-07-10T12:31:48 IST" duration-ms="4315" status="PASS">
          <reporter-output>
          </reporter-output>
        </test-method> <!-- setup -->
        <test-method signature="logintest()[pri:0, instance:training.UpdatedLoginTest@61c4eee0]" started-at="2025-07-10T12:31:48 IST" name="logintest" finished-at="2025-07-10T12:31:49 IST" duration-ms="1405" status="PASS">
          <reporter-output>
          </reporter-output>
        </test-method> <!-- logintest -->
        <test-method is-config="true" signature="teardown()[pri:0, instance:training.UpdatedLoginTest@61c4eee0]" started-at="2025-07-10T12:31:49 IST" name="teardown" finished-at="2025-07-10T12:31:49 IST" duration-ms="242" status="PASS">
          <reporter-output>
          </reporter-output>
        </test-method> <!-- teardown -->
      </class> <!-- training.UpdatedLoginTest -->
    </test> <!-- Test -->
  </suite> <!-- Suite -->
</testng-results>
